### Секционирование таблицы

Цель: научиться секционировать таблицы.

  
Описание/Пошаговая инструкция выполнения домашнего задания:

Секционировать большую таблицу из демо базы flights


Примечание:

- Для тестов взята демонстрационная база содержащая данные по полётам за годы (https://postgrespro.ru/docs/postgrespro/15/demodb-bookings-installation)

- Будет рассматриваться реализация декларативного секционирования таблицы по диапазонам дат

#### 1. Вводные данные и цель

Демонстрационная база содержит в схеме `bookings` таблицу `bookings`, в которой очевидно хранятся данные о бронированиях в трех полях (идентификатор бронирования, дата и время совершения бронирования и сумма заказа).

#### Идея в том, чтобы создать аналогичную, но партицированную таблицу в схеме `public` с разделением по годам и перелить в нее данные из исходной таблицы.

DDL исходной таблицы:

```
CREATE TABLE bookings.bookings (
	book_ref bpchar(6) NOT NULL,
	book_date timestamptz NOT NULL,
	total_amount numeric(10, 2) NOT NULL,
	CONSTRAINT bookings_pkey PRIMARY KEY (book_ref)
);
```


#### 2. Анализ исходных данных
Проанализируем за какие годы содержатся данные в таблице `bookings.bookings`:

```
SELECT DISTINCT EXTRACT(YEAR FROM book_date) AS year
FROM bookings.bookings;

-----------------------

|year|
|----|
|2015|
|2016|

```

Данные за 2015 и 2016 года.

Проверим также, какое число записей содержится в каждом периоде:

```
SELECT EXTRACT(YEAR FROM book_date) AS year, COUNT(*) AS count
FROM bookings.bookings
GROUP BY year
ORDER BY year;

-----------------------

|year|count|
|----|-----|
|2015|521034|
|2016|1590076|

```

#### 3. Партицирование таблицы

1. Создаем аналогичную таблицу, но в схеме `public` и с указанием предложения `PARTITION BY RANGE (book_date)`, которое будет указывать, что в будущей таблице будет использоваться разделение по диапазону дат из столбца `book_date`. Т.к. указанные для партицирования столбцы должны быть включены в первичный ключ, то добавляем в ограничение первичного ключа вместе с полем `book_ref` поле `book_date` - таким образом будет гарантироваться уникальность пары бронирование-дата:

```
CREATE TABLE public.bookings (
    book_ref bpchar(6) NOT NULL,
    book_date timestamptz NOT NULL,
    total_amount numeric(10, 2) NOT NULL,
    CONSTRAINT bookings_pkey PRIMARY KEY (book_ref, book_date)
) PARTITION BY RANGE (book_date);
```

2. Далее создаем 4 подтаблицы:

	- дефолтную таблицу, в которую будут попадать данные вне границ заданных диапазонов;
	- подтаблицу с записями за 2015 год;
	- подтаблицу с записями за 2016 год;
	- подтаблицу с записями за текущий 2023 год;

3. Индексы на данном этапе создавать не будем, отложим до проведения тестов.


#### 4. Перенос данных

1. Копируем данные из исходной таблицы в партицированную таблицу:

```
INSERT INTO public.bookings (book_ref, book_date, total_amount)
SELECT book_ref, book_date, total_amount
FROM bookings.bookings;
```

2. Убеждаемся, что данные перенесены (количество строк по году):

```
SELECT EXTRACT(YEAR FROM book_date) AS year, COUNT(*) AS count
FROM public.bookings
GROUP BY year
ORDER BY year;

---------------------

|year|count|
|----|-----|
|2015|521034|
|2016|1590076|
```


#### 5. Сравнение скорости выполнения запросов

Для теста будем выбирать все строки в партицированой таблице `public.bookings`, при условии, что значение в столбце `book_date` находится в диапазоне между 1 января 2015 года и 1 июня 2015 года. Нюанс - намеренно данных в этом периоде нет.

Сравнивать планы выполнения этого запроса к партицированной таблице будем в трех сценариях:

- с отключенной оптимизацией запросов для партицированных таблиц;
- с включенной оптимизацией запросов для партицированных таблиц;
- с добавленными индексами;


1. Оптимизация запросов для партицированных таблиц **отключена**:

```
set enable_partition_pruning = off;
explain (analyze, buffers)
select *
from public.bookings
where book_date between date'2015-01-01' and date'2015-06-01';
```

```
Gather  (cost=1011.45..27675.05 rows=12 width=46) (actual time=149.666..153.762 rows=0 loops=1)
  Workers Planned: 2
  Workers Launched: 2
  Buffers: shared hit=13450
  ->  Parallel Append  (cost=11.45..26673.85 rows=6 width=46) (actual time=143.311..143.315 rows=0 loops=3)
        Buffers: shared hit=13450
        ->  Parallel Bitmap Heap Scan on bookings_partition bookings_4  (cost=12.55..16.74 rows=3 width=52) (actual time=0.314..0.316 rows=0 loops=1)
              Recheck Cond: ((book_date >= '2015-01-01'::date) AND (book_date <= '2015-06-01'::date))
              Buffers: shared hit=2
              ->  Bitmap Index Scan on bookings_partition_pkey  (cost=0.00..12.55 rows=5 width=0) (actual time=0.013..0.013 rows=0 loops=1)
                    Index Cond: ((book_date >= '2015-01-01'::date) AND (book_date <= '2015-06-01'::date))
                    Buffers: shared hit=2
        ->  Parallel Bitmap Heap Scan on bookings_partition_2023 bookings_3  (cost=11.45..15.64 rows=3 width=52) (actual time=0.006..0.007 rows=0 loops=1)
              Recheck Cond: ((book_date >= '2015-01-01'::date) AND (book_date <= '2015-06-01'::date))
              Buffers: shared hit=1
              ->  Bitmap Index Scan on bookings_partition_2023_pkey  (cost=0.00..11.45 rows=5 width=0) (actual time=0.006..0.006 rows=0 loops=1)
                    Index Cond: ((book_date >= '2015-01-01'::date) AND (book_date <= '2015-06-01'::date))
                    Buffers: shared hit=1
        ->  Parallel Seq Scan on bookings_partition_2016 bookings_2  (cost=0.00..20065.97 rows=1 width=21) (actual time=110.757..110.757 rows=0 loops=3)
              Filter: ((book_date >= '2015-01-01'::date) AND (book_date <= '2015-06-01'::date))
              Rows Removed by Filter: 530025
              Buffers: shared hit=10128
        ->  Parallel Seq Scan on bookings_partition_2015 bookings_1  (cost=0.00..6575.46 rows=1 width=21) (actual time=48.665..48.665 rows=0 loops=2)
              Filter: ((book_date >= '2015-01-01'::date) AND (book_date <= '2015-06-01'::date))
              Rows Removed by Filter: 260517
              Buffers: shared hit=3319
Planning:
  Buffers: shared hit=1
Planning Time: 0.169 ms
Execution Time: 153.803 ms
```

Что видим - значение cost больше 1000, в подзапросах параллельное полное сканирование строк в каждой партиции, время выполнения запроса 153.803 мс.


2. Оптимизация запросов для партицированных таблиц **включена**:

```
set enable_partition_pruning = on;
explain (analyze, buffers)
select *
from public.bookings
where book_date between date'2015-01-01' and date'2015-06-01';
```
```
Gather  (cost=1011.45..27675.05 rows=12 width=46) (actual time=52.861..56.917 rows=0 loops=1)
  Workers Planned: 2
  Workers Launched: 2
  Buffers: shared hit=3319
  ->  Parallel Append  (cost=11.45..26673.85 rows=6 width=46) (actual time=45.386..45.388 rows=0 loops=3)
        Buffers: shared hit=3319
        Subplans Removed: 3
        ->  Parallel Seq Scan on bookings_partition_2015 bookings_1  (cost=0.00..6575.46 rows=1 width=21) (actual time=45.384..45.384 rows=0 loops=3)
              Filter: ((book_date >= '2015-01-01'::date) AND (book_date <= '2015-06-01'::date))
              Rows Removed by Filter: 173678
              Buffers: shared hit=3319
Planning:
  Buffers: shared hit=1
Planning Time: 0.170 ms
Execution Time: 56.950 ms
```

Ключевые моменты - время выполенения запроса сократилось в 3 раза, остался только один подзапрос типа "Parallel Seq Scan", который сканирует нужную подтаблицу - `bookings_partition_2015`.

3. Используем индексы

Создадим для нашей партицированой таблицы индексы по полям `book_ref` и `book_date`:

```
CREATE INDEX index_bookings_book_ref ON public.bookings (book_ref);
CREATE INDEX index_bookings_book_date ON public.bookings (book_date);
```


И проверим план выполнения запроса:

```
explain (analyze, buffers)
select *
from public.bookings
where book_date between date'2015-01-01' and date'2015-06-01';
```

```
Append  (cost=0.42..11.87 rows=8 width=45) (actual time=0.009..0.009 rows=0 loops=1)
  Buffers: shared hit=3
  Subplans Removed: 3
  ->  Index Scan using bookings_partition_2015_book_date_idx on bookings_partition_2015 bookings_1  (cost=0.42..2.64 rows=1 width=21) (actual time=0.008..0.008 rows=0 loops=1)
        Index Cond: ((book_date >= '2015-01-01'::date) AND (book_date <= '2015-06-01'::date))
        Buffers: shared hit=3
Planning:
  Buffers: shared hit=19
Planning Time: 0.263 ms
Execution Time: 0.029 ms
```

Результат на лицо - значение cost низкое от 0.42 до 11.87 единиц, единственный подзапрос типа "Index Scan", который сканирует индекс партицию "bookings_partition_2015", а время выполнения запроса составило всего 0.029 мс - прирост в скорости доступа к данным вырос как минимум в 2 тысячи раз!
