### Работа с индексами, join'ами, статистикой

Цель:

- знать и уметь применять основные виды индексов PostgreSQL
- строить и анализировать план выполнения запроса
- уметь оптимизировать запросы для с использованием индексов
- знать и уметь применять различные виды join'ов
- строить и анализировать план выполенения запроса
- оптимизировать запрос
- уметь собирать и анализировать статистику для таблицы

  
Выбран 1 вариант для ДЗ:  
  `Создать индексы на БД, которые ускорят доступ к данным.`
  
В данном задании тренируются навыки:

- определения узких мест
- написания запросов для создания индекса
- оптимизации


Примечание:

Для тестов взята демонстрационная база содержащая данные по полётам за год (https://postgrespro.ru/docs/postgrespro/15/demodb-bookings-installation)



###### ✅ 1. Создать индекс к какой-либо из таблиц вашей БД
###### ✅ 2. Прислать текстом результат команды explain, в которой используется данный индекс

Рассматривается таблица 'boarding_passes' в схеме 'bookings'.

DDL таблицы `bookings.boarding_passes`:

```
CREATE TABLE bookings.boarding_passes (
	ticket_no bpchar(13) NOT NULL,
	flight_id int4 NOT NULL,
	boarding_no int4 NOT NULL,
	seat_no varchar(4) NOT NULL,
	CONSTRAINT boarding_passes_flight_id_boarding_no_key UNIQUE (flight_id, boarding_no),
	CONSTRAINT boarding_passes_flight_id_seat_no_key UNIQUE (flight_id, seat_no),
	CONSTRAINT boarding_passes_pkey PRIMARY KEY (ticket_no, flight_id),
	CONSTRAINT boarding_passes_ticket_no_fkey FOREIGN KEY (ticket_no,flight_id) REFERENCES bookings.ticket_flights(ticket_no,flight_id)
);
```

Все присутвующие ограничения (CONSTRAINT) предварительно удалены.

На данном этапе индексы отуствуют, проверим план выполнения запроса для SQL-запроса, который выбирает все столбцы из таблицы `bookings.boarding_passes`, где `flight_id` равен к примеру 115681:

```
EXPLAIN (ANALYZE, BUFFERS)
SELECT *
FROM bookings.boarding_passes
WHERE flight_id = 115681;
```

Информация о плане запроса:

```
Gather  (cost=1000.00..100574.23 rows=156 width=25) (actual time=2.611..556.103 rows=10 loops=1)
  Workers Planned: 2
  Workers Launched: 2
  Buffers: shared hit=608 read=57671
  ->  Parallel Seq Scan on boarding_passes  (cost=0.00..99558.62 rows=65 width=25) (actual time=339.188..521.600 rows=3 loops=3)
        Filter: (flight_id = 115681)
        Rows Removed by Filter: 2641934
        Buffers: shared hit=608 read=57671
Planning Time: 0.056 ms
JIT:
  Functions: 6
  Options: Inlining false, Optimization false, Expressions true, Deforming true
  Timing: Generation 0.861 ms, Inlining 0.000 ms, Optimization 0.577 ms, Emission 8.984 ms, Total 10.422 ms
Execution Time: 556.367 ms
```

План выполнения запроса говорит о том, что использовались 2 воркера, выполнено параллельное полное сканирование (Parallel Seq Scan) всей таблицы в три прохода по 3 строки, а общее время выполнение запроса занимает приблизительно 556 мс.

Теперь созданим индекс для поля `flight_id`:

```
CREATE INDEX index_flight_id ON bookings.boarding_passes (flight_id);
```

И в очередной раз проверим план выполнения запроса:

```
EXPLAIN (ANALYZE, BUFFERS)
SELECT *
FROM bookings.boarding_passes
WHERE flight_id = 115681;

--------------------------------
Index Scan using index_flight_id on boarding_passes  (cost=0.43..175.86 rows=156 width=25) (actual time=0.036..0.045 rows=26 loops=1)
  Index Cond: (flight_id = 179874)
  Buffers: shared hit=2 read=3
Planning:
  Buffers: shared hit=15 read=1 dirtied=2
Planning Time: 0.223 ms
Execution Time: 0.062 ms
```

Видно, что для выполнения запроса использовался только что созданный индекс `index_flight_id`, стоимость запроса стала совсем небольшая, а время выполнения сократилось до 0.062 мс, т.е. почти в 9 тысяч раз. Итог - индекс значительно ускорил выполнение запроса.


###### ✅ 3. Реализовать индекс для полнотекстового поиска

Для создания индекса для полнотекстового поиска нужны поля с текстовой информацией, этому условия удовлетворяет поле `passenger_name` таблицы `bookings.tickets`. 

DDL таблицы `bookings.ticket`:

```
CREATE TABLE bookings.tickets (
	ticket_no bpchar(13) NOT NULL,
	book_ref bpchar(6) NOT NULL,
	passenger_id varchar(20) NOT NULL,
	passenger_name text NOT NULL,
	contact_data jsonb NULL,
	CONSTRAINT tickets_pkey PRIMARY KEY (ticket_no),
	CONSTRAINT tickets_book_ref_fkey FOREIGN KEY (book_ref) REFERENCES bookings.bookings(book_ref)
);
```

Проверим план выполнения запроса, при котором происходит выборка всех строк из таблицы `tickets` в схеме `bookings`, где значение столбца `passenger_name` содержит   регистронезависимое значение `'irina'` (за счет оператора `ILIKE`):

```
EXPLAIN (ANALYZE, BUFFERS)
SELECT *
FROM bookings.tickets
WHERE passenger_name
ILIKE '%irina%';

------------------------------------

Gather  (cost=1000.00..71415.74 rows=56369 width=104) (actual time=0.405..30350.340 rows=56137 loops=1)
  Workers Planned: 2
  Workers Launched: 2
  Buffers: shared hit=36 read=49379
  ->  Parallel Seq Scan on tickets  (cost=0.00..64778.84 rows=23487 width=104) (actual time=1.117..30318.982 rows=18712 loops=3)
        Filter: (passenger_name ~~* '%irina%'::text)
        Rows Removed by Filter: 964573
        Buffers: shared hit=36 read=49379
Planning Time: 0.301 ms
Execution Time: 30356.345 ms
```

Очевидно, запрос довольно тяжелый, время выполнения составляет более 30 секунд.

Создать GIN-индекс командой вида `CREATE INDEX search_index_passenger_name ON bookings.tickets USING gin (passenger_name);` не удалось, возникла ошибка `data type text has no default operator class for access method "gin"`.
Поискал информацию как решить эту проблему, оказалось необходимо указать соответствующий класс оператора `gin_trgm_ops` (https://postgrespro.ru/docs/enterprise/15/pgtrgm). Но предварительно должно быть установлено и включено расширение pg_trgm.

Устанавливаем и включаем расширение `pg_trgm`:

```
CREATE EXTENSION IF NOT EXISTS pg_trgm;
```

И создаем индекс для полнотекстового поиска:

```
CREATE INDEX search_index_passenger_name ON bookings.tickets USING gin (passenger_name gin_trgm_ops);
```

Далее смотрим план выполнения запроса:


```
EXPLAIN (ANALYZE, BUFFERS)
SELECT *
FROM bookings.tickets
WHERE passenger_name
ILIKE '%irina%';

-------------------------------------
Bitmap Heap Scan on tickets  (cost=474.26..37605.05 rows=56369 width=104) (actual time=33.601..483.098 rows=56137 loops=1)
  Recheck Cond: (passenger_name ~~* '%irina%'::text)
  Heap Blocks: exact=33593
  Buffers: shared hit=306 read=33487
  ->  Bitmap Index Scan on search_index_passenger_name  (cost=0.00..460.17 rows=56369 width=0) (actual time=25.745..25.746 rows=56137 loops=1)
        Index Cond: (passenger_name ~~* '%irina%'::text)
        Buffers: shared hit=200
Planning:
  Buffers: shared hit=23 dirtied=3
Planning Time: 0.400 ms
Execution Time: 489.146 ms
```

Как итог в плане запроса используется сканирование по GIN-индексу `search_index_passenger_name` - время выполнения запроса сократилось в 62 раза!


###### ✅ 4. Реализовать индекс на часть таблицы или индекс на поле с функцией

Вернемся к таблице 'boarding_passes' в схеме 'bookings' - поле `boarding_no` содержит номер рейса, отлично подойдет для создания частичного индекса.

Посмотрим минимальное и максимально значение в этом поле:

```
SELECT MIN(flight_id) AS min_boarding_no, MAX(boarding_no) AS max_boarding_no
FROM bookings.boarding_passes;
```

|min_boarding_no|max_boarding_no|
|---------------|---------------|
|2|381|

Проверим план запроса, который выбирает все столбцы из таблицы `bookings.boarding_passes`, где `boarding_no` равен к примеру `50`:

```
EXPLAIN (ANALYZE, BUFFERS)
SELECT *
FROM bookings.boarding_passes
WHERE boarding_no = '50';

--------------------------------

Gather  (cost=1000.00..106662.17 rows=61029 width=25) (actual time=3.144..4785.976 rows=58640 loops=1)
  Workers Planned: 2
  Workers Launched: 2
  Buffers: shared hit=1697 read=56582
  ->  Parallel Seq Scan on boarding_passes  (cost=0.00..99559.27 rows=25429 width=25) (actual time=3.366..4682.210 rows=19547 loops=3)
        Filter: (boarding_no = 50)
        Rows Removed by Filter: 2622391
        Buffers: shared hit=1697 read=56582
Planning Time: 0.066 ms
JIT:
  Functions: 6
  Options: Inlining false, Optimization false, Expressions true, Deforming true
  Timing: Generation 0.839 ms, Inlining 0.000 ms, Optimization 0.600 ms, Emission 9.372 ms, Total 10.811 ms
Execution Time: 4794.479 ms
```


Видим что запрос тяжелый, косты > 1000, используется параллельное полное сканирование таблицы в три прохода, время выполнения почти 5 секунд.

Создадим частичный индекс для поля `boarding_no`, ограничивая включение только тех строк, где значение столбца меньше 100:

```
CREATE INDEX index_boarding_no_100 ON bookings.boarding_passes(boarding_no) WHERE boarding_no < 100;
```

И проверим план выполнения запроса:


```
EXPLAIN (ANALYZE, BUFFERS)
SELECT *
FROM bookings.boarding_passes
WHERE boarding_no = '50';

---------------------------------

Bitmap Heap Scan on boarding_passes  (cost=530.61..42034.25 rows=61029 width=25) (actual time=19.515..1859.766 rows=58640 loops=1)
  Recheck Cond: (boarding_no = 50)
  Heap Blocks: exact=44927
  Buffers: shared hit=1453 read=43526
  ->  Bitmap Index Scan on index_boarding_no_100  (cost=0.00..515.35 rows=61029 width=0) (actual time=9.118..9.118 rows=58640 loops=1)
        Index Cond: (boarding_no = 50)
        Buffers: shared read=52
Planning:
  Buffers: shared hit=21 read=1 dirtied=3
Planning Time: 0.275 ms
Execution Time: 1866.658 ms
```

Сканирование выполняется по созданному частичному индексу, время выполнения сократилось в 2,5 раза.



###### ✅ 5. Создать индекс на несколько полей

Вернемся к таблице 'boarding_passes' в схеме 'bookings' - было бы логично создать  индекс  по полям`ticket_no` и `flight_id`, чтобы обеспечить уникальность посадочных билетов в рамках конкретного рейса.

Предварительно проверим план выполнения запроса, который к примеру сортируют данные по полям `flight_id` и `seat_no`:

```
EXPLAIN (ANALYZE, BUFFERS)
SELECT *
FROM bookings.boarding_passes
ORDER BY flight_id, seat_no;

---------------------

Incremental Sort  (cost=13.50..769121.05 rows=7925812 width=25) (actual time=0.302..11859.282 rows=7925812 loops=1)
  Sort Key: flight_id, seat_no
  Presorted Key: flight_id
  Full-sort Groups: 100435  Sort Method: quicksort  Average Memory: 29kB  Peak Memory: 29kB
  Pre-sorted Groups: 49938  Sort Method: quicksort  Average Memory: 31kB  Peak Memory: 31kB
  Buffers: shared hit=202248
  ->  Index Scan using index_flight_id on boarding_passes  (cost=0.43..190692.27 rows=7925812 width=25) (actual time=0.024..1486.792 rows=7925812 loops=1)
        Buffers: shared hit=202248
Planning Time: 0.084 ms
Execution Time: 12248.189 ms
```

Видим, что запрос выполняется с использованием индекса по полю `flight_id` и проходит через сортировку данных, время выполнения запроса более 12 секунд.

Теперь создадим уникальный индекс по полям `flight_id` и `seat_no`:

```
CREATE UNIQUE INDEX index_unique_flight_id_seat_no ON bookings.boarding_passes (flight_id, seat_no);
```

И снова проверим план выполнения запроса:

```
EXPLAIN (ANALYZE, BUFFERS)
SELECT *
FROM bookings.boarding_passes
ORDER BY flight_id, seat_no;

---------------------

Index Scan using index_unique_flight_id_seat_no on boarding_passes  (cost=0.43..206902.99 rows=7925812 width=25) (actual time=3.339..4275.295 rows=7925812 loops=1)
  Buffers: shared hit=1021214 read=21658
Planning:
  Buffers: shared hit=18 read=1 dirtied=2
Planning Time: 0.262 ms
Execution Time: 4728.313 ms
```

Как итог используется сканирование по созданному индексу `index_unique_flight_id_seat_no`, а время выполнения запроса снизилось в 2,5 раза.

###### ✅ 6. Написать комментарии к каждому из индексов

Реализовать это можно следующим запросом:

```
COMMENT ON INDEX index_flight_id IS 'Индекс по полю flight_id для ускорения запросов';
COMMENT ON INDEX search_index_passenger_name IS 'Индекс для полнотекстового поиска по полю passenger_name';
COMMENT ON INDEX index_boarding_no_100 IS 'Частичный индекс по полю boarding_no для значений меньше 100';
COMMENT ON INDEX index_unique_flight_id_seat_no IS 'Составной уникальный индекс по полям flight_id и seat_no';
```


###### ✅ 7. Описать что и как делали и с какими проблемами столкнулись

В целом весь процесс подробно расписан, единственное что вызвало затруднение - это создание индекса для полнотекстового поиска, пришлось хорошенько поискать информацию о том как это реализовывается.

Было очень интересно, спасибо!
